c:\gamedev\_projects\reengine\reengine\debug\vc141.pdb
c:\gamedev\_projects\reengine\reengine\debug\vc141.idb
c:\gamedev\_projects\reengine\reengine\debug\texturehandler.obj
c:\gamedev\_projects\reengine\reengine\debug\shaderhandler.obj
c:\gamedev\_projects\reengine\reengine\debug\square.obj
c:\gamedev\_projects\reengine\reengine\debug\triangle.obj
c:\gamedev\_projects\reengine\reengine\debug\model.obj
c:\gamedev\_projects\reengine\reengine\debug\mesh.obj
c:\gamedev\_projects\reengine\reengine\debug\timer.obj
c:\gamedev\_projects\reengine\reengine\debug\window.obj
c:\gamedev\_projects\reengine\reengine\debug\main.obj
c:\gamedev\_projects\reengine\reengine\debug\lightsource.obj
c:\gamedev\_projects\reengine\reengine\debug\game1.obj
c:\gamedev\_projects\reengine\reengine\debug\engine.obj
c:\gamedev\_projects\reengine\reengine\debug\debug.obj
c:\gamedev\_projects\reengine\reengine\debug\cube.obj
c:\gamedev\_projects\reengine\reengine\debug\camera.obj
c:\gamedev\_projects\reengine\debug\reengine.exe
c:\gamedev\_projects\reengine\debug\reengine.ilk
c:\gamedev\_projects\reengine\debug\reengine.pdb
c:\gamedev\_projects\reengine\reengine\debug\reengine.tlog\cl.command.1.tlog
c:\gamedev\_projects\reengine\reengine\debug\reengine.tlog\cl.read.1.tlog
c:\gamedev\_projects\reengine\reengine\debug\reengine.tlog\cl.write.1.tlog
c:\gamedev\_projects\reengine\reengine\debug\reengine.tlog\link.command.1.tlog
c:\gamedev\_projects\reengine\reengine\debug\reengine.tlog\link.read.1.tlog
c:\gamedev\_projects\reengine\reengine\debug\reengine.tlog\link.write.1.tlog
